Arguments: 
  C:\nodejs\node.exe C:\Yarn\bin\yarn.js add react-admin ra-data-json-server prop-types

PATH: 
  C:\Users\khaled.lasram\bin;C:\Program Files\Git\mingw64\bin;C:\Program Files\Git\usr\local\bin;C:\Program Files\Git\usr\bin;C:\Program Files\Git\usr\bin;C:\Program Files\Git\mingw64\bin;C:\Program Files\Git\usr\bin;C:\Users\khaled.lasram\bin;C:\ProgramData\Oracle\Java\javapath;C:\WINDOWS\system32;C:\WINDOWS;C:\WINDOWS\System32\Wbem;C:\WINDOWS\System32\WindowsPowerShell\v1.0;C:\wamp\bin\php\php7.0.10;C:\composer;C:\WINDOWS\System32\OpenSSH;C:\wamp\bin\php\php7.2.18;C:\Yarn\bin;C:\Users\khaled.lasram\AppData\Roaming\Composer\vendor\bin;C:\Users\khaled.lasram\AppData\Local\Microsoft\WindowsApps;C:\Program Files (x86)\Nmap;C:\Users\khaled.lasram\AppData\Local\GitHubDesktop\bin;C:\Users\khaled.lasram\AppData\Local\Yarn\bin;C:\Users\khaled.lasram\AppData\Roaming\npm;C:\adb;C:\WINDOWS\system32;C:\WINDOWS;C:\WINDOWS\System32\Wbem;C:\WINDOWS\System32\WindowsPowerShell\v1.0;C:\WINDOWS\System32\OpenSSH;C:\nodejs;C:\ProgramData\chocolatey\bin;C:\Program Files\Git\cmd;C:\Program Files (x86)\Intel\Intel(R) Management Engine Components\DAL;C:\Program Files\Intel\Intel(R) Management Engine Components\DAL;C:\Users\khaled.lasram\AppData\Roaming\Composer\vendor\bin;C:\Users\khaled.lasram\AppData\Local\Microsoft\WindowsApps;C:\Program Files (x86)\Nmap;C:\Users\khaled.lasram\AppData\Local\GitHubDesktop\bin;C:\Users\khaled.lasram\AppData\Local\Yarn\bin;C:\Users\khaled.lasram\AppData\Local\Microsoft\WindowsApps;C:\Microsoft VS Code\bin;C:\Users\khaled.lasram\AppData\Roaming\npm;C:\Program Files\MongoDB\Server\5.0\bin;C:\Program Files\Git\usr\bin\vendor_perl;C:\Program Files\Git\usr\bin\core_perl

Yarn version: 
  1.17.3

Node version: 
  16.13.2

Platform: 
  win32 x64

Trace: 
  Error: EPERM: operation not permitted, copyfile 'C:\Users\khaled.lasram\AppData\Local\Yarn\Cache\v4\npm-has-symbols-1.0.3-bb7b2c4349251dce87b125f7bdf874aa7c8b39f8\node_modules\has-symbols\package.json' -> 'C:\Users\khaled.lasram\Desktop\MyProject_GOMYCODE\client\node_modules\has-symbols\package.json'

npm manifest: 
  {
    "name": "client",
    "version": "0.1.0",
    "private": true,
    "dependencies": {
      "@date-io/date-fns": "^2.13.1",
      "@emotion/react": "^11.9.0",
      "@emotion/styled": "^11.8.1",
      "@mui/icons-material": "^5.6.0",
      "@mui/material": "^5.6.0",
      "@testing-library/jest-dom": "^5.16.4",
      "@testing-library/react": "^12.1.4",
      "@testing-library/user-event": "^13.5.0",
      "axios": "^0.26.1",
      "dateformat": "^5.0.3",
      "ra-data-simple-rest": "^4.0.0",
      "react": "^18.0.0",
      "react-admin": "^4.0.0",
      "react-dom": "^18.0.0",
      "react-redux": "^7.2.8",
      "react-router-dom": "^6.3.0",
      "react-scripts": "5.0.0",
      "redux": "^4.1.2",
      "redux-thunk": "^2.4.1",
      "web-vitals": "^2.1.4"
    },
    "scripts": {
      "start": "react-scripts start",
      "build": "react-scripts build",
      "test": "react-scripts test",
      "eject": "react-scripts eject"
    },
    "eslintConfig": {
      "extends": [
        "react-app",
        "react-app/jest"
      ]
    },
    "browserslist": {
      "production": [
        ">0.2%",
        "not dead",
        "not op_mini all"
      ],
      "development": [
        "last 1 chrome version",
        "last 1 firefox version",
        "last 1 safari version"
      ]
    },
    "proxy": "http://localhost:5000"
  }

yarn manifest: 
  No manifest

Lockfile: 
  No lockfile
